Detecting compiler hash for triplet x64-windows...
Compiler found: C:/Program Files/Microsoft Visual Studio/2022/Community/VC/Tools/MSVC/14.44.35207/bin/Hostx64/x64/cl.exe
The following packages will be built and installed:
  * brotli:x64-windows@1.1.0#1
  * bzip2[core,tool]:x64-windows@1.0.8#6
  * freetype[brotli,bzip2,core,png,zlib]:x64-windows@2.13.3
  * libpng:x64-windows@1.6.48
    sdl2:x64-windows@2.32.8
    sdl2-image:x64-windows@2.8.8#1
    sdl2-ttf:x64-windows@2.24.0
  * vcpkg-cmake:x64-windows@2024-04-23
  * vcpkg-cmake-config:x64-windows@2024-05-23
  * zlib:x64-windows@1.3.1
Additional packages (*) will be modified to complete this operation.
Restored 10 package(s) from C:\Users\pcadmin\AppData\Local\vcpkg\archives in 345 ms. Use --debug to see more details.
Installing 1/10 vcpkg-cmake-config:x64-windows@2024-05-23...
Elapsed time to handle vcpkg-cmake-config:x64-windows: 8.77 ms
vcpkg-cmake-config:x64-windows package ABI: ef15ce787b05ea4065c8fe6bc56f98b3e3862aba5a0fdf2dfcfffdbb7f9240c3
Installing 2/10 vcpkg-cmake:x64-windows@2024-04-23...
Elapsed time to handle vcpkg-cmake:x64-windows: 9.85 ms
vcpkg-cmake:x64-windows package ABI: cc7a38be546e9a37194c965e92bd4708fe3bad4fe1f754213d1b36e7392809bb
Installing 3/10 sdl2:x64-windows@2.32.8...
Elapsed time to handle sdl2:x64-windows: 94.4 ms
sdl2:x64-windows package ABI: bbe45280c9ddff5932b6b1a9879ac726b7bd9a91e1699166d4800928ca14f8bc
Installing 4/10 zlib:x64-windows@1.3.1...
Elapsed time to handle zlib:x64-windows: 41.1 ms
zlib:x64-windows package ABI: 4b2dc7a0cef74c1d31bb49b0648ce9fb9b2fef1ed3019ddcf442b541986e2708
Installing 5/10 libpng:x64-windows@1.6.48...
Elapsed time to handle libpng:x64-windows: 34.2 ms
libpng:x64-windows package ABI: b19da7d62151724f333e9e4f12a6962935a823580f7b678790c9f0bb17e37b40
Installing 6/10 sdl2-image:x64-windows@2.8.8#1...
Elapsed time to handle sdl2-image:x64-windows: 30 ms
sdl2-image:x64-windows package ABI: bd8398044f65f2f6758f07e89eb0eadfe0bcbb85500c2cc830db047da08d90f9
Installing 7/10 bzip2[core,tool]:x64-windows@1.0.8#6...
Elapsed time to handle bzip2:x64-windows: 16.6 ms
bzip2:x64-windows package ABI: f1d2cd786b0e9112ff55d3851c275a6564070084555f5c94bbee9853711c7701
Installing 8/10 brotli:x64-windows@1.1.0#1...
Elapsed time to handle brotli:x64-windows: 46.6 ms
brotli:x64-windows package ABI: a510ae6a2d10d86c2d777b5863ee1e25338d5db4cba493c115338d7c3ed9e257
Installing 9/10 freetype[brotli,bzip2,core,png,zlib]:x64-windows@2.13.3...
Elapsed time to handle freetype:x64-windows: 42 ms
freetype:x64-windows package ABI: 840a750b6ec64c64c53aee367168226648b99697e17b9f25e1018a4d3070bdec
Installing 10/10 sdl2-ttf:x64-windows@2.24.0...
Elapsed time to handle sdl2-ttf:x64-windows: 14.1 ms
sdl2-ttf:x64-windows package ABI: a91ce05f26c84a80277df1fd7283c68b3ecbabb90a789643093becc87905676e
Installed contents are licensed to you by owners. Microsoft is not responsible for, nor does it grant any licenses to, third-party packages.
Packages installed in this vcpkg installation declare the following licenses:
(FTL OR GPL-2.0-or-later)
MIT
Zlib
bzip2-1.0.6
libpng-2.0
sdl2 provides CMake targets:

    find_package(SDL2 CONFIG REQUIRED)
    target_link_libraries(main
        PRIVATE
        $<TARGET_NAME_IF_EXISTS:SDL2::SDL2main>
        $<IF:$<TARGET_EXISTS:SDL2::SDL2>,SDL2::SDL2,SDL2::SDL2-static>
    )

sdl2-image provides CMake targets:

    find_package(SDL2_image CONFIG REQUIRED)
    target_link_libraries(main PRIVATE $<IF:$<TARGET_EXISTS:SDL2_image::SDL2_image>,SDL2_image::SDL2_image,SDL2_image::SDL2_image-static>)

sdl2-ttf provides CMake targets:

    find_package(SDL2_ttf CONFIG REQUIRED)
    target_link_libraries(main PRIVATE $<IF:$<TARGET_EXISTS:SDL2_ttf::SDL2_ttf>,SDL2_ttf::SDL2_ttf,SDL2_ttf::SDL2_ttf-static>)

All requested installations completed successfully in: 344 ms
